{"level":"info","message":"Server is listening on port:8000","service":"user-service"}
{"level":"info","message":"Server is listening on port:8000","service":"user-service"}
{"level":"info","message":"Server is listening on port:8000","service":"user-service"}
{"level":"info","message":"\nServer is listening on port:8000","service":"user-service"}
{"level":"info","message":"Server is listening on port:8000\n","service":"user-service"}
{"level":"info","message":"Server is listening on port:8000","service":"user-service"}
{"level":"info","message":"Server is listening on port:8000","service":"user-service"}
{"level":"info","message":"Server is listening on port:8000","service":"user-service"}
{"level":"info","message":"Server is listening on port:8000","service":"user-service"}
{"level":"info","message":"Server is listening on port:8000","service":"user-service"}
{"level":"info","message":"Server is listening on port:8000","service":"user-service"}
{"level":"info","message":"Server is listening on port:8000","service":"user-service"}
{"level":"info","message":"Server is listening on port:8000","service":"user-service"}
{"level":"info","message":"Server is listening on port:8000","service":"user-service"}
{"level":"info","message":"Server is listening on port:8000","service":"user-service"}
{"level":"info","message":"Server is listening on port:8000","service":"user-service"}
{"level":"info","message":"Server is listening on port:8000","service":"user-service"}
{"level":"info","message":"Server is listening on port:8000","service":"user-service"}
{"level":"info","message":"Server is listening on port:8000","service":"user-service"}
{"level":"info","message":"Server is listening on port:8000","service":"user-service"}
{"level":"info","message":"Server is listening on port:8000","service":"user-service"}
{"level":"info","message":"Server is listening on port:8000","service":"user-service"}
{"level":"info","message":"Server is listening on port:8000","service":"user-service"}
{"level":"info","message":"Server is listening on port:8000","service":"user-service"}
{"level":"info","message":"Server is listening on port:8000","service":"user-service"}
{"level":"info","message":"Server is listening on port:8000","service":"user-service"}
{"level":"info","message":"Server is listening on port:8000","service":"user-service"}
{"level":"info","message":"Server is listening on port:8000","service":"user-service"}
{"level":"info","message":"Server is listening on port:8000","service":"user-service"}
{"level":"info","message":"Server is listening on port:8000","service":"user-service"}
{"level":"info","message":"Server is listening on port:8000","service":"user-service"}
{"level":"info","message":"Server is listening on port:8000","service":"user-service"}
{"level":"info","message":"Server is listening on port:8000","service":"user-service"}
{"level":"info","message":"Server is listening on port:8000","service":"user-service"}
{"level":"info","message":"Server is listening on port:8000","service":"user-service"}
{"level":"info","message":"Server is listening on port:8000","service":"user-service"}
{"level":"info","message":"Server is listening on port:8000","service":"user-service"}
{"level":"info","message":"Server is listening on port:8000","service":"user-service"}
{"level":"info","message":"Server is listening on port:8000","service":"user-service"}
{"level":"info","message":"Server is listening on port:8000","service":"user-service"}
{"level":"info","message":"Server is listening on port:8000","service":"user-service"}
{"level":"info","message":"Server is listening on port:8000","service":"user-service"}
{"level":"info","message":"Server is listening on port:8000","service":"user-service"}
{"level":"info","message":"Server is listening on port:8000","service":"user-service"}
{"level":"info","message":"Server is listening on port:8000","service":"user-service"}
{"level":"info","message":"Server is listening on port:8000","service":"user-service"}
{"level":"info","message":"Server is listening on port:8000","service":"user-service"}
{"level":"info","message":"Server is listening on port:8000","service":"user-service"}
{"level":"info","message":"Server is listening on port:8000","service":"user-service"}
{"level":"info","service":"user-service"}
{"level":"info","message":"Server is listening on port:8000","service":"user-service"}
{"level":"info","message":"Server is listening on port:8000","service":"user-service"}
{"level":"info","service":"user-service"}
{"level":"info","message":"Server is listening on port:8000","service":"user-service"}
{"level":"info","service":"user-service"}
{"level":"info","service":"user-service"}
{"level":"info","message":"Server is listening on port:8000","service":"user-service"}
{"level":"info","message":{"email":"omkar@gmail.com","password":"password"},"service":"user-service"}
{"level":"info","message":"Server is listening on port:8000","service":"user-service"}
{"level":"info","message":{"email":"omkar@gmail.com","password":"password"},"service":"user-service"}
{"level":"info","message":"Server is listening on port:8000","service":"user-service"}
{"level":"info","message":{"email":"omkar@gmail.com","password":"password"},"service":"user-service"}
{"level":"info","message":"Server is listening on port:8000","service":"user-service"}
